<?xml version="1.0" encoding="UTF-8"?>
<!-- Generated by org.testng.reporters.JUnitXMLReporter -->
<testsuite ignored="2" hostname="LAPTOP-KL5AJ47R" failures="0" tests="2" name="Test" time="19.029" errors="0" timestamp="2022-11-09T18:46:38 IST">
  <testcase classname="vtiger.CreateNewContactTest" name="createPerson" time="0.01"/>
  <testcase classname="vtiger.CreateNewContactTest" name="createPersonWithPhoneNum" time="0.002"/>
  <testcase classname="vtiger.CreateNewContactTest" name="createName" time="0.0">
    <ignored/>
  </testcase> <!-- createName -->
  <testcase classname="vtiger.CreateNewContactTest" name="createContact" time="0.0">
    <ignored/>
  </testcase> <!-- createContact -->
</testsuite> <!-- Test -->
