<?xml version="1.0" encoding="UTF-8"?>
<testng-results ignored="0" total="1" passed="1" failed="0" skipped="0">
  <reporter-output>
  </reporter-output>
  <suite started-at="2022-11-17T20:36:35 IST" name="Default suite" finished-at="2022-11-17T20:36:35 IST" duration-ms="42">
    <groups>
    </groups>
    <test started-at="2022-11-17T20:36:35 IST" name="Default test" finished-at="2022-11-17T20:36:35 IST" duration-ms="42">
      <class name="vtiger.ResdDataFromCMDLineTest">
        <test-method signature="readData()[pri:0, instance:vtiger.ResdDataFromCMDLineTest@16ec5519]" started-at="2022-11-17T20:36:35 IST" name="readData" finished-at="2022-11-17T20:36:35 IST" duration-ms="10" status="PASS">
          <reporter-output>
          </reporter-output>
        </test-method> <!-- readData -->
      </class> <!-- vtiger.ResdDataFromCMDLineTest -->
    </test> <!-- Default test -->
  </suite> <!-- Default suite -->
</testng-results>
